Arguments: 
  /usr/local/Cellar/node/9.11.1/bin/node /usr/local/bin/yarn add @ckeditor/ckeditor5-alignment

PATH: 
  /usr/local/opt/openssl/bin:/Applications/MAMP/bin/php/php7.1.8/bin:/usr/local/opt/openssl/bin:/usr/local/bin:/usr/bin:/bin:/usr/sbin:/sbin:/Users/arkin/.composer/vendor/bin:/usr/local/go/bin

Yarn version: 
  1.6.0

Node version: 
  9.11.1

Platform: 
  darwin x64

Trace: 
  Error: ENOENT: no such file or directory, copyfile '/Users/arkin/Library/Caches/Yarn/v1/npm-color-name-1.1.4-c2a09a87acbde69543de6f63fa3995c826c536a2/README.md' -> '/Users/arkin/NodeProject/CADMS/ckeditor5-build-classic/node_modules/color-string/node_modules/color-name/README.md'

npm manifest: 
  {
    "name": "@arkin-j/ckeditor5-build-classic",
    "version": "11.2.0",
    "description": "私有的The classic editor build of CKEditor 5 – the best browser-based rich text editor.",
    "keywords": [
      "ckeditor5-build",
      "ckeditor",
      "ckeditor5",
      "ckeditor 5",
      "wysiwyg",
      "rich text",
      "editor",
      "html",
      "contentEditable",
      "editing",
      "operational transformation",
      "ot",
      "collaboration",
      "collaborative",
      "real-time",
      "framework"
    ],
    "main": "./build/ckeditor.js",
    "files": [
      "build"
    ],
    "devDependencies": {
      "@ckeditor/ckeditor5-adapter-ckfinder": "^10.0.4",
      "@ckeditor/ckeditor5-autoformat": "^10.0.4",
      "@ckeditor/ckeditor5-basic-styles": "^10.1.0",
      "@ckeditor/ckeditor5-block-quote": "^10.1.1",
      "@ckeditor/ckeditor5-ckfinder": "^10.0.0",
      "@ckeditor/ckeditor5-dev-utils": "^11.0.1",
      "@ckeditor/ckeditor5-dev-webpack-plugin": "^7.0.1",
      "@ckeditor/ckeditor5-easy-image": "^10.0.4",
      "@ckeditor/ckeditor5-editor-classic": "^11.0.2",
      "@ckeditor/ckeditor5-essentials": "^10.1.3",
      "@ckeditor/ckeditor5-heading": "^10.1.1",
      "@ckeditor/ckeditor5-image": "^12.0.0",
      "@ckeditor/ckeditor5-link": "^10.1.0",
      "@ckeditor/ckeditor5-list": "^11.0.3",
      "@ckeditor/ckeditor5-media-embed": "^10.1.0",
      "@ckeditor/ckeditor5-paragraph": "^10.0.4",
      "@ckeditor/ckeditor5-paste-from-office": "^10.0.0",
      "@ckeditor/ckeditor5-table": "^11.0.1",
      "@ckeditor/ckeditor5-theme-lark": "^12.0.0",
      "@ckeditor/ckeditor5-upload": "^10.0.4",
      "eslint": "^5.5.0",
      "eslint-config-ckeditor5": "^1.0.7",
      "husky": "^0.14.3",
      "lint-staged": "^7.0.0",
      "postcss-loader": "^3.0.0",
      "raw-loader": "^1.0.0",
      "style-loader": "^0.23.0",
      "uglifyjs-webpack-plugin": "^1.2.7",
      "webpack": "^4.15.0",
      "webpack-cli": "^3.0.8"
    },
    "engines": {
      "node": ">=6.9.0",
      "npm": ">=3.0.0"
    },
    "author": "CKSource (http://cksource.com/)",
    "license": "GPL-2.0-or-later",
    "homepage": "https://ckeditor.com",
    "bugs": "https://github.com/ckeditor/ckeditor5-build-classic/issues",
    "repository": {
      "type": "git",
      "url": "https://github.com/arkin-j/ckeditor5-build-classic"
    },
    "scripts": {
      "build": "webpack --mode production",
      "lint": "eslint --quiet '**/*.js'",
      "precommit": "lint-staged",
      "preversion": "npm run build; if [ -n \"$(git status src/ckeditor.js build/ --porcelain)\" ]; then git add -u src/ckeditor.js build/ && git commit -m 'Internal: Build.'; fi"
    },
    "lint-staged": {
      "**/*.js": [
        "eslint --quiet"
      ]
    },
    "eslintIgnore": [
      "build/**",
      "packages/**"
    ]
  }

yarn manifest: 
  No manifest

Lockfile: 
  No lockfile
